ServiceCommunication1/app/build/outputs/logs/manifest-merger-release-report.txt
-- Merging decision tree log ---
manifest
ADDED from src\main\AndroidManifest.xml:22:1-50:12
	xmlns:android
		ADDED from src\main\AndroidManifest.xml:22:11-69
	package
		ADDED from src\main\AndroidManifest.xml:23:5-43
		INJECTED from src\main\AndroidManifest.xml
		INJECTED from src\main\AndroidManifest.xml
	android:versionName
		ADDED from src\main\AndroidManifest.xml:25:5-30
		INJECTED from src\main\AndroidManifest.xml
		INJECTED from src\main\AndroidManifest.xml
	android:versionCode
		ADDED from src\main\AndroidManifest.xml:24:5-28
		INJECTED from src\main\AndroidManifest.xml
		INJECTED from src\main\AndroidManifest.xml
uses-sdk
ADDED from src\main\AndroidManifest.xml:29:5-73
	android:targetSdkVersion
		ADDED from src\main\AndroidManifest.xml:29:41-70
		INJECTED from src\main\AndroidManifest.xml
		INJECTED from src\main\AndroidManifest.xml
	android:minSdkVersion
		ADDED from src\main\AndroidManifest.xml:29:15-40
		INJECTED from src\main\AndroidManifest.xml
		INJECTED from src\main\AndroidManifest.xml
application
ADDED from src\main\AndroidManifest.xml:31:5-46:19
	android:label
		ADDED from src\main\AndroidManifest.xml:32:13-46
	android:hardwareAccelerated
		ADDED from src\main\AndroidManifest.xml:33:13-47
activity#edu.mit.icc_service_messages.ActivityMessenger
ADDED from src\main\AndroidManifest.xml:36:9-42:20
	android:label
		ADDED from src\main\AndroidManifest.xml:36:81-114
	android:name
		ADDED from src\main\AndroidManifest.xml:36:19-80
intent-filter#android.intent.action.MAIN+android.intent.category.DEFAULT+android.intent.category.LAUNCHER
ADDED from src\main\AndroidManifest.xml:37:13-41:29
action#android.intent.action.MAIN
ADDED from src\main\AndroidManifest.xml:38:17-69
	android:name
		ADDED from src\main\AndroidManifest.xml:38:25-66
category#android.intent.category.DEFAULT
ADDED from src\main\AndroidManifest.xml:39:17-76
	android:name
		ADDED from src\main\AndroidManifest.xml:39:27-73
category#android.intent.category.LAUNCHER
ADDED from src\main\AndroidManifest.xml:40:17-77
	android:name
		ADDED from src\main\AndroidManifest.xml:40:27-74
service#edu.mit.icc_service_messages.MessengerService
ADDED from src\main\AndroidManifest.xml:44:9-114
	android:exported
		ADDED from src\main\AndroidManifest.xml:44:79-103
	android:name
		ADDED from src\main\AndroidManifest.xml:44:18-78
uses-permission#android.permission.READ_PHONE_STATE
ADDED from src\main\AndroidManifest.xml:48:1-71
	android:name
		ADDED from src\main\AndroidManifest.xml:48:18-68
uses-permission#android.permission.SEND_SMS
ADDED from src\main\AndroidManifest.xml:49:5-67
	android:name
		ADDED from src\main\AndroidManifest.xml:49:22-64